+--------+----------+-----------------------------------------+-----------------------------------+---------------------------------------------------------------------------+------------------------------+
|[32m Domain [39m|[32m Method   [39m|[32m URI                                     [39m|[32m Name                              [39m|[32m Action                                                                    [39m|[32m Middleware                   [39m|
+--------+----------+-----------------------------------------+-----------------------------------+---------------------------------------------------------------------------+------------------------------+
|        | GET|HEAD | account/settings/{path?}                | accounts.settings                 | App\Http\Controllers\Home@index                                           | web                          |
|        | GET|HEAD | account/{path?}                         | accounts.index                    | App\Http\Controllers\Home@index                                           | web                          |
|        | GET|HEAD | api/user                                |                                   | Closure                                                                   | api,auth:api                 |
|        | GET|HEAD | email/resend                            | verification.resend               | App\Http\Controllers\Auth\VerificationController@resend                   | web,auth,throttle:6,1        |
|        | GET|HEAD | email/verify                            | verification.notice               | App\Http\Controllers\Auth\VerificationController@show                     | web,auth                     |
|        | GET|HEAD | email/verify/{id}                       | verification.verify               | App\Http\Controllers\Auth\VerificationController@verify                   | web,auth,signed,throttle:6,1 |
|        | GET|HEAD | graphql                                 | lighthouse.graphql                | Nuwave\Lighthouse\Support\Http\Controllers\GraphQLController@query        |                              |
|        | POST     | graphql                                 | lighthouse.graphql                | Nuwave\Lighthouse\Support\Http\Controllers\GraphQLController@query        |                              |
|        | GET|HEAD | graphql-playground                      | graphql-playground                | MLL\GraphQLPlayground\GraphQLPlaygroundController@get                     |                              |
|        | POST     | login                                   |                                   | App\Http\Controllers\Auth\LoginController@login                           | web,guest                    |
|        | GET|HEAD | login                                   | login                             | App\Http\Controllers\Auth\LoginController@showLoginForm                   | web,guest                    |
|        | POST     | logout                                  | logout                            | App\Http\Controllers\Auth\LoginController@logout                          | web                          |
|        | GET|HEAD | manage/{path?}                          | manage                            | App\Http\Controllers\Home@index                                           | web                          |
|        | GET|HEAD | manage/{path?}/create                   | manage.resources.create           | App\Http\Controllers\Home@index                                           | web                          |
|        | GET|HEAD | manage/{path?}/{id}                     | manage.resources.edit             | App\Http\Controllers\Home@index                                           | web                          |
|        | DELETE   | oauth/authorize                         | passport.authorizations.deny      | Laravel\Passport\Http\Controllers\DenyAuthorizationController@deny        | web,auth                     |
|        | POST     | oauth/authorize                         | passport.authorizations.approve   | Laravel\Passport\Http\Controllers\ApproveAuthorizationController@approve  | web,auth                     |
|        | GET|HEAD | oauth/authorize                         | passport.authorizations.authorize | Laravel\Passport\Http\Controllers\AuthorizationController@authorize       | web,auth                     |
|        | POST     | oauth/clients                           | passport.clients.store            | Laravel\Passport\Http\Controllers\ClientController@store                  | web,auth                     |
|        | GET|HEAD | oauth/clients                           | passport.clients.index            | Laravel\Passport\Http\Controllers\ClientController@forUser                | web,auth                     |
|        | DELETE   | oauth/clients/{client_id}               | passport.clients.destroy          | Laravel\Passport\Http\Controllers\ClientController@destroy                | web,auth                     |
|        | PUT      | oauth/clients/{client_id}               | passport.clients.update           | Laravel\Passport\Http\Controllers\ClientController@update                 | web,auth                     |
|        | GET|HEAD | oauth/personal-access-tokens            | passport.personal.tokens.index    | Laravel\Passport\Http\Controllers\PersonalAccessTokenController@forUser   | web,auth                     |
|        | POST     | oauth/personal-access-tokens            | passport.personal.tokens.store    | Laravel\Passport\Http\Controllers\PersonalAccessTokenController@store     | web,auth                     |
|        | DELETE   | oauth/personal-access-tokens/{token_id} | passport.personal.tokens.destroy  | Laravel\Passport\Http\Controllers\PersonalAccessTokenController@destroy   | web,auth                     |
|        | GET|HEAD | oauth/scopes                            | passport.scopes.index             | Laravel\Passport\Http\Controllers\ScopeController@all                     | web,auth                     |
|        | POST     | oauth/token                             | passport.token                    | Laravel\Passport\Http\Controllers\AccessTokenController@issueToken        | throttle                     |
|        | POST     | oauth/token/refresh                     | passport.token.refresh            | Laravel\Passport\Http\Controllers\TransientTokenController@refresh        | web,auth                     |
|        | GET|HEAD | oauth/tokens                            | passport.tokens.index             | Laravel\Passport\Http\Controllers\AuthorizedAccessTokenController@forUser | web,auth                     |
|        | DELETE   | oauth/tokens/{token_id}                 | passport.tokens.destroy           | Laravel\Passport\Http\Controllers\AuthorizedAccessTokenController@destroy | web,auth                     |
|        | POST     | password/email                          | password.email                    | App\Http\Controllers\Auth\ForgotPasswordController@sendResetLinkEmail     | web,guest                    |
|        | GET|HEAD | password/reset                          | password.request                  | App\Http\Controllers\Auth\ForgotPasswordController@showLinkRequestForm    | web,guest                    |
|        | POST     | password/reset                          | password.update                   | App\Http\Controllers\Auth\ResetPasswordController@reset                   | web,guest                    |
|        | GET|HEAD | password/reset/{token}                  | password.reset                    | App\Http\Controllers\Home@index                                           | web                          |
|        | GET|HEAD | register                                | register                          | App\Http\Controllers\Auth\RegisterController@showRegistrationForm         | web,guest                    |
|        | POST     | register                                |                                   | App\Http\Controllers\Auth\RegisterController@register                     | web,guest                    |
|        | POST     | upload/avatar                           | avatar.upload                     | App\Http\Controllers\Uploads@uploadAvatar                                 | web                          |
|        | GET|HEAD | {path?}                                 | home                              | App\Http\Controllers\Home@index                                           | web                          |
+--------+----------+-----------------------------------------+-----------------------------------+---------------------------------------------------------------------------+------------------------------+
